acc: 0.939072
f1: 0.937576
precision: 0.942061
recall: 0.939072

Confusion Matrix:
 183 0 2 0 1 0 3
 0 21 0 0 0 0 0
 1 0 28 0 0 0 0
 0 0 0 18 0 4 0
 2 0 0 0 23 1 1
 0 0 0 0 0 21 0
 2 0 0 0 1 0 96

acc: 0.9494
f1: 0.953368
precision: 0.958917
recall: 0.9494

Confusion Matrix:
 186 0 2 0 0 0 1
 0 21 0 0 0 0 0
 1 0 27 0 1 0 0
 0 0 0 20 0 2 0
 3 0 0 0 23 0 1
 0 0 0 0 0 21 0
 2 0 0 0 1 0 96
acc: 0.949263
f1: 0.950595
precision: 0.952198
recall: 0.949263

Confusion Matrix:
 184 0 2 0 0 0 3
 0 21 0 0 0 0 0
 0 0 27 0 2 0 0
 0 0 0 20 0 1 1
 2 0 0 0 24 0 1
 0 0 0 1 0 20 0
 0 0 0 0 1 0 98

acc: 0.966042
f1: 0.965843
precision: 0.966642
recall: 0.966042

Confusion Matrix:
 184 0 3 0 0 0 2
 0 21 0 0 0 0 0
 1 0 28 0 0 0 0
 0 0 0 21 0 1 0
 2 0 0 0 24 0 1
 0 0 0 0 0 21 0
 1 0 0 0 1 0 97
acc: 0.945484
f1: 0.945249
precision: 0.945972
recall: 0.945484

Confusion Matrix:
 186 0 2 0 0 0 1
 0 21 0 0 0 0 0
 1 0 27 0 1 0 0
 0 0 0 20 0 2 0
 1 0 2 0 23 0 1
 0 0 0 1 0 20 0
 0 0 0 0 1 0 98

acc: 0.963761
f1: 0.964446
precision: 0.966268
recall: 0.963761

Confusion Matrix:
 184 0 2 1 0 0 2
 0 21 0 0 0 0 0
 1 0 27 0 1 0 0
 0 0 0 22 0 0 0
 2 0 1 0 23 0 1
 0 0 0 0 0 21 0
 1 0 0 0 0 0 98
